<?xml version="1.0" encoding="UTF-8"?>
<!-- Generated by org.testng.reporters.JUnitReportReporter -->
<testsuite hostname="BioSky" failures="0" tests="1" name="com.inetbanking.testCases.TC_LoginTest_001" time="7.353" errors="0" timestamp="2023-01-06T22:37:41 CET" skipped="0">
  <testcase classname="com.inetbanking.testCases.TC_LoginTest_001" name="loginTest" time="7.353"/>
  <system-out/>
</testsuite> <!-- com.inetbanking.testCases.TC_LoginTest_001 -->
