<?xml version="1.0" encoding="UTF-8"?>
<!-- Generated by org.testng.reporters.JUnitReportReporter -->
<testsuite hostname="BioSky" failures="0" tests="1" name="com.inetbanking.testCases.TC_AddCustomerTest_003" time="9.453" errors="0" timestamp="2023-01-07T03:02:42 CET" skipped="0">
  <testcase classname="com.inetbanking.testCases.TC_AddCustomerTest_003" name="addNewCustomer" time="9.453"/>
  <system-out/>
</testsuite> <!-- com.inetbanking.testCases.TC_AddCustomerTest_003 -->
